<?xml version="1.0" encoding="UTF-8"?>
<testng-results ignored="0" total="1" passed="1" failed="0" skipped="0">
  <reporter-output>
  </reporter-output>
  <suite started-at="2022-12-14T09:21:12 EST" name="Default suite" finished-at="2022-12-14T09:21:18 EST" duration-ms="6251">
    <groups>
    </groups>
    <test started-at="2022-12-14T09:21:12 EST" name="Default test" finished-at="2022-12-14T09:21:18 EST" duration-ms="6251">
      <class name="com.gcr.scripts.TC5">
        <test-method is-config="true" signature="generateReport()[pri:0, instance:com.gcr.scripts.TC5@7bd4937b]" started-at="2022-12-14T09:21:12 EST" name="generateReport" finished-at="2022-12-14T09:21:12 EST" duration-ms="219" status="PASS">
          <reporter-output>
          </reporter-output>
        </test-method> <!-- generateReport -->
        <test-method is-config="true" signature="beforeClass()[pri:0, instance:com.gcr.scripts.TC5@7bd4937b]" started-at="2022-12-14T09:21:12 EST" name="beforeClass" finished-at="2022-12-14T09:21:13 EST" duration-ms="1337" status="PASS">
          <reporter-output>
          </reporter-output>
        </test-method> <!-- beforeClass -->
        <test-method is-config="true" signature="methodName(java.lang.reflect.Method)[pri:0, instance:com.gcr.scripts.TC5@7bd4937b]" started-at="2022-12-14T09:21:13 EST" name="methodName" finished-at="2022-12-14T09:21:13 EST" duration-ms="6" status="PASS">
          <params>
            <param index="0">
              <value>
                <![CDATA[public void com.gcr.scripts.TC5.LoginLogout_WebShop_Excel() throws java.lang.Exception]]>
              </value>
            </param>
          </params>
          <reporter-output>
          </reporter-output>
        </test-method> <!-- methodName -->
        <test-method signature="LoginLogout_WebShop_Excel()[pri:0, instance:com.gcr.scripts.TC5@7bd4937b]" started-at="2022-12-14T09:21:13 EST" name="LoginLogout_WebShop_Excel" finished-at="2022-12-14T09:21:18 EST" duration-ms="4345" status="PASS">
          <reporter-output>
          </reporter-output>
        </test-method> <!-- LoginLogout_WebShop_Excel -->
        <test-method is-config="true" signature="afterClass()[pri:0, instance:com.gcr.scripts.TC5@7bd4937b]" started-at="2022-12-14T09:21:18 EST" name="afterClass" finished-at="2022-12-14T09:21:18 EST" duration-ms="317" status="PASS">
          <reporter-output>
          </reporter-output>
        </test-method> <!-- afterClass -->
      </class> <!-- com.gcr.scripts.TC5 -->
    </test> <!-- Default test -->
  </suite> <!-- Default suite -->
</testng-results>
